------Start of DE processing------ = [12/26/18, 17:18:20:417 ICT]
Exception = java.lang.ClassNotFoundException
Source = com.ibm.ws.jmx.connector.local.LocalConnectorActivator$LocalConnectorHelper$1
probeid = 97
Stack Dump = java.lang.ClassNotFoundException: jdk.internal.agent.Agent
	at java.base/jdk.internal.loader.BuiltinClassLoader.loadClass(Unknown Source)
	at java.base/jdk.internal.loader.ClassLoaders$AppClassLoader.loadClass(Unknown Source)
	at java.base/java.lang.ClassLoader.loadClass(Unknown Source)
	at java.base/java.lang.Class.forName0(Native Method)
	at java.base/java.lang.Class.forName(Unknown Source)
	at com.ibm.ws.jmx.connector.local.LocalConnectorActivator$LocalConnectorHelper$1.run(LocalConnectorActivator.java:71)
	at com.ibm.ws.jmx.connector.local.LocalConnectorActivator$LocalConnectorHelper$1.run(LocalConnectorActivator.java:55)
	at java.base/java.security.AccessController.doPrivileged(Native Method)
	at com.ibm.ws.jmx.connector.local.LocalConnectorActivator$LocalConnectorHelper.initConnectorAddress(LocalConnectorActivator.java:55)
	at com.ibm.ws.jmx.connector.local.LocalConnectorActivator$LocalConnectorHelper.<clinit>(LocalConnectorActivator.java:45)
	at com.ibm.ws.jmx.connector.local.LocalConnectorActivator.createJmxAddressResource(LocalConnectorActivator.java:181)
	at com.ibm.ws.jmx.connector.local.LocalConnectorActivator.createJMXWorkAreaResource(LocalConnectorActivator.java:173)
	at com.ibm.ws.jmx.connector.local.LocalConnectorActivator.setLocationService(LocalConnectorActivator.java:149)
	at java.base/jdk.internal.reflect.NativeMethodAccessorImpl.invoke0(Native Method)
	at java.base/jdk.internal.reflect.NativeMethodAccessorImpl.invoke(Unknown Source)
	at java.base/jdk.internal.reflect.DelegatingMethodAccessorImpl.invoke(Unknown Source)
	at java.base/java.lang.reflect.Method.invoke(Unknown Source)
	at org.apache.felix.scr.impl.inject.BaseMethod.invokeMethod(BaseMethod.java:229)
	at org.apache.felix.scr.impl.inject.BaseMethod.access$500(BaseMethod.java:39)
	at org.apache.felix.scr.impl.inject.BaseMethod$Resolved.invoke(BaseMethod.java:650)
	at org.apache.felix.scr.impl.inject.BaseMethod.invoke(BaseMethod.java:506)
	at org.apache.felix.scr.impl.inject.BindMethod.invoke(BindMethod.java:658)
	at org.apache.felix.scr.impl.manager.DependencyManager.doInvokeBindMethod(DependencyManager.java:1727)
	at org.apache.felix.scr.impl.manager.DependencyManager.open(DependencyManager.java:1556)
	at org.apache.felix.scr.impl.manager.SingleComponentManager.createImplementationObject(SingleComponentManager.java:261)
	at org.apache.felix.scr.impl.manager.SingleComponentManager.createComponent(SingleComponentManager.java:109)
	at org.apache.felix.scr.impl.manager.SingleComponentManager.getService(SingleComponentManager.java:907)
	at org.apache.felix.scr.impl.manager.SingleComponentManager.getServiceInternal(SingleComponentManager.java:880)
	at org.apache.felix.scr.impl.manager.AbstractComponentManager.activateInternal(AbstractComponentManager.java:764)
	at org.apache.felix.scr.impl.manager.AbstractComponentManager.enableInternal(AbstractComponentManager.java:675)
	at org.apache.felix.scr.impl.manager.AbstractComponentManager.enable(AbstractComponentManager.java:430)
	at org.apache.felix.scr.impl.manager.ConfigurableComponentHolder.enableComponents(ConfigurableComponentHolder.java:657)
	at org.apache.felix.scr.impl.BundleComponentActivator.initialEnable(BundleComponentActivator.java:341)
	at org.apache.felix.scr.impl.Activator.loadComponents(Activator.java:387)
	at org.apache.felix.scr.impl.Activator.access$200(Activator.java:52)
	at org.apache.felix.scr.impl.Activator$ScrExtension.start(Activator.java:262)
	at org.apache.felix.scr.impl.AbstractExtender.createExtension(AbstractExtender.java:196)
	at org.apache.felix.scr.impl.AbstractExtender.modifiedBundle(AbstractExtender.java:169)
	at org.apache.felix.scr.impl.AbstractExtender.modifiedBundle(AbstractExtender.java:49)
	at org.osgi.util.tracker.BundleTracker$Tracked.customizerModified(BundleTracker.java:482)
	at org.osgi.util.tracker.BundleTracker$Tracked.customizerModified(BundleTracker.java:1)
	at org.osgi.util.tracker.AbstractTracked.track(AbstractTracked.java:232)
	at org.osgi.util.tracker.BundleTracker$Tracked.bundleChanged(BundleTracker.java:444)
	at org.eclipse.osgi.internal.framework.BundleContextImpl.dispatchEvent(BundleContextImpl.java:908)
	at org.eclipse.osgi.framework.eventmgr.EventManager.dispatchEvent(EventManager.java:230)
	at org.eclipse.osgi.framework.eventmgr.ListenerQueue.dispatchEventSynchronous(ListenerQueue.java:148)
	at org.eclipse.osgi.internal.framework.EquinoxEventPublisher.publishBundleEventPrivileged(EquinoxEventPublisher.java:213)
	at org.eclipse.osgi.internal.framework.EquinoxEventPublisher.publishBundleEvent(EquinoxEventPublisher.java:120)
	at org.eclipse.osgi.internal.framework.EquinoxEventPublisher.publishBundleEvent(EquinoxEventPublisher.java:112)
	at org.eclipse.osgi.internal.framework.EquinoxContainerAdaptor.publishModuleEvent(EquinoxContainerAdaptor.java:168)
	at org.eclipse.osgi.container.Module.publishEvent(Module.java:476)
	at org.eclipse.osgi.container.Module.start(Module.java:467)
	at org.eclipse.osgi.container.ModuleContainer$ContainerStartLevel.incStartLevel(ModuleContainer.java:1634)
	at org.eclipse.osgi.container.ModuleContainer$ContainerStartLevel.incStartLevel(ModuleContainer.java:1614)
	at org.eclipse.osgi.container.ModuleContainer$ContainerStartLevel.doContainerStartLevel(ModuleContainer.java:1585)
	at org.eclipse.osgi.container.ModuleContainer$ContainerStartLevel.dispatchEvent(ModuleContainer.java:1528)
	at org.eclipse.osgi.container.ModuleContainer$ContainerStartLevel.dispatchEvent(ModuleContainer.java:1)
	at org.eclipse.osgi.framework.eventmgr.EventManager.dispatchEvent(EventManager.java:230)
	at org.eclipse.osgi.framework.eventmgr.EventManager$EventThread.run(EventManager.java:340)

Dump of callerThis
Object type = com.ibm.ws.jmx.connector.local.LocalConnectorActivator$LocalConnectorHelper$1
  serialVersionUID = -6961869169337658885
  $$$tc$$$ = class com.ibm.websphere.ras.TraceComponent@3ad8c7c7
    strings[0] = "TraceComponent[com.ibm.ws.jmx.connector.local.LocalConnectorActivator$LocalConnectorHelper$1,class com.ibm.ws.jmx.connector.local.LocalConnectorActivator$LocalConnectorHelper$1,[],null,null]"

